<?xml version="1.0" encoding="UTF-8"?>
<!-- Generated by org.testng.reporters.JUnitReportReporter -->
<testsuite hostname="DESKTOP-8HD2FDV" failures="0" tests="1" name="test_cases.GoogleTest" time="11.503" errors="0" timestamp="2022-07-05T16:54:54 COT" skipped="0">
  <testcase classname="test_cases.GoogleTest" name="HomePageCheck" time="11.503"/>
  <system-out/>
</testsuite> <!-- test_cases.GoogleTest -->
