<?xml version="1.0" encoding="UTF-8"?>
<!-- Generated by org.testng.reporters.JUnitReportReporter -->
<testsuite hostname="DESKTOP-8HD2FDV" failures="0" tests="1" name="test_cases.RahulAcademyTest" time="9.550" errors="0" timestamp="2022-07-05T16:54:54 COT" skipped="0">
  <testcase classname="test_cases.RahulAcademyTest" name="HomePageCheck" time="9.550"/>
  <system-out/>
</testsuite> <!-- test_cases.RahulAcademyTest -->
