<?xml version="1.0" encoding="UTF-8"?>
<!-- Generated by org.testng.reporters.JUnitReportReporter -->
<testsuite hostname="DESKTOP-8HD2FDV" failures="0" tests="1" name="GoogleTest" time="15.705" errors="0" timestamp="2022-07-05T16:45:49 COT" skipped="0">
  <testcase classname="GoogleTest" name="HomePageCheck" time="15.705"/>
  <system-out/>
</testsuite> <!-- GoogleTest -->
